<?xml version="1.0" encoding="UTF-8"?>
<!-- Generated by org.testng.reporters.JUnitReportReporter -->
<testsuite hostname="DESKTOP-A8HT28E" failures="0" tests="2" name="Com.AutomationPanda.ContactsPage" time="36.010" errors="0" timestamp="2023-10-11T17:53:43 IST" skipped="0">
  <testcase classname="Com.AutomationPanda.ContactsPage" name="VerifyingHomePageTitle" time="17.656"/>
  <system-out/>
  <testcase classname="Com.AutomationPanda.ContactsPage" name="VerifyingContactsPage" time="18.354"/>
  <system-out/>
</testsuite> <!-- Com.AutomationPanda.ContactsPage -->
